Build started 5/2/2016 7:33:10 AM.
     1>Project "D:\Code\x_prototypes\OpenCV_PCA\OpenCV_PCA\OpenCV_PCA.vcxproj" on node 2 (Build target(s)).
     1>ClCompile:
         C:\Program Files (x86)\Microsoft Visual Studio 12.0\VC\bin\CL.exe /c /I"D:\Code\opencv-2.4.12\build\include" /ID:\Code\Eigen_3_2 /ZI /nologo /W1 /WX- /sdl /MP /Od /Oy- /D WIN32 /D _DEBUG /D _CONSOLE /D _LIB /D _CRT_SECURE_NO_WARNINGS /D _UNICODE /D UNICODE /Gm /EHsc /RTC1 /MDd /GS /fp:precise /Zc:wchar_t /Zc:forScope /Yu"stdafx.h" /Fp"Debug\OpenCV_PCA.pch" /Fo"Debug\\" /Fd"Debug\vc120.pdb" /Gd /TP /analyze- /errorReport:prompt OpenCV_PCA.cpp
         OpenCV_PCA.cpp
       Link:
         C:\Program Files (x86)\Microsoft Visual Studio 12.0\VC\bin\link.exe /ERRORREPORT:PROMPT /OUT:"D:\Code\x_prototypes\OpenCV_PCA\Debug\OpenCV_PCA.exe" /INCREMENTAL /NOLOGO /LIBPATH:"D:\Code\opencv-2.4.12\build\x86\vc12\lib" opencv_core2412d.lib opencv_highgui2412d.lib opencv_imgproc2412d.lib kernel32.lib user32.lib gdi32.lib winspool.lib comdlg32.lib advapi32.lib shell32.lib ole32.lib oleaut32.lib uuid.lib odbc32.lib odbccp32.lib /MANIFEST /MANIFESTUAC:"level='asInvoker' uiAccess='false'" /manifest:embed /DEBUG /PDB:"D:\Code\x_prototypes\OpenCV_PCA\Debug\OpenCV_PCA.pdb" /SUBSYSTEM:CONSOLE /TLBID:1 /DYNAMICBASE /NXCOMPAT /IMPLIB:"D:\Code\x_prototypes\OpenCV_PCA\Debug\OpenCV_PCA.lib" /MACHINE:X86 Debug\dirent.obj
         Debug\OpenCV_PCA.obj
         Debug\PathIO.obj
         Debug\stdafx.obj
         Debug\UtilityFunctions.obj
         OpenCV_PCA.vcxproj -> D:\Code\x_prototypes\OpenCV_PCA\Debug\OpenCV_PCA.exe
     1>Done Building Project "D:\Code\x_prototypes\OpenCV_PCA\OpenCV_PCA\OpenCV_PCA.vcxproj" (Build target(s)).

Project Performance Summary:
     4833 ms  D:\Code\x_prototypes\OpenCV_PCA\OpenCV_PCA\OpenCV_PCA.vcxproj   1 calls
               4833 ms  Build                                      1 calls

Target Performance Summary:
        0 ms  AfterBuild                                 1 calls
        0 ms  PrepareResourceNames                       1 calls
        0 ms  AfterLink                                  1 calls
        0 ms  _ClCompile                                 1 calls
        0 ms  ComputeRCGeneratedLinkInputs               1 calls
        0 ms  BuildCompile                               1 calls
        0 ms  _BuildCompileAction                        1 calls
        0 ms  AfterBuildGenerateSources                  1 calls
        0 ms  AfterClCompile                             1 calls
        0 ms  BeforeBuildGenerateSources                 1 calls
        0 ms  ResolveReferences                          1 calls
        0 ms  SelectClCompile                            1 calls
        0 ms  _Deploy                                    1 calls
        0 ms  AfterMidl                                  1 calls
        0 ms  BeforeResourceCompile                      1 calls
        0 ms  _BuildLinkAction                           1 calls
        0 ms  _Manifest                                  1 calls
        0 ms  AfterBuildCompileEvent                     1 calls
        0 ms  ComputeCLInputPDBName                      1 calls
        0 ms  BeforeLink                                 1 calls
        0 ms  CreateCustomManifestResourceNames          1 calls
        0 ms  _Midl                                      1 calls
        0 ms  AfterBuildGenerateSourcesEvent             1 calls
        0 ms  BeforeClCompile                            1 calls
        0 ms  CreateSatelliteAssemblies                  1 calls
        0 ms  AfterResolveReferences                     1 calls
        0 ms  BuildGenerateSources                       1 calls
        0 ms  _CopySourceItemsToOutputDirectory          1 calls
        0 ms  _Xsd                                       1 calls
        0 ms  MakeDirsForBscMake                         1 calls
        0 ms  _ResourceCompile                           1 calls
        0 ms  _ALink                                     1 calls
        0 ms  ResolveSDKReferences                       1 calls
        0 ms  ComputeLinkInputsFromProject               1 calls
        0 ms  _XdcMake                                   1 calls
        0 ms  _BuildGenerateSourcesAction                1 calls
        0 ms  Build                                      1 calls
        0 ms  _Appverifier                               1 calls
        0 ms  BuildLink                                  1 calls
        0 ms  _Link                                      1 calls
        0 ms  BeforeResolveReferences                    1 calls
        0 ms  ComputeRCOutputs                           1 calls
        0 ms  ComputeReferenceCLInput                    1 calls
        0 ms  PrepareForRun                              1 calls
        0 ms  PreBuildEvent                              1 calls
        0 ms  _BscMake                                   1 calls
        0 ms  SelectCustomBuild                          1 calls
        0 ms  GetResolvedWinMD                           1 calls
        0 ms  ComputeManifestGeneratedLinkerInputs       1 calls
        0 ms  ExpandSDKReferences                        1 calls
        0 ms  ComputeCLGeneratedLinkInputs               1 calls
        0 ms  _CheckForCompileOutputs                    1 calls
        0 ms  _PrepareForBuild                           1 calls
        0 ms  PostBuildEvent                             1 calls
        1 ms  BuildLinkTraverse                          1 calls
        1 ms  BuildCompileTraverse                       1 calls
        1 ms  MakeDirsForXdcMake                         1 calls
        1 ms  ComputeCustomBuildOutput                   1 calls
        1 ms  _SelectedFiles                             1 calls
        1 ms  ComputeMIDLGeneratedCompileInputs          1 calls
        1 ms  ResolveAssemblyReferences                  1 calls
        1 ms  BuildGenerateSourcesTraverse               1 calls
        1 ms  _SplitProjectReferencesByFileExistence     1 calls
        1 ms  ResolvedXDCMake                            1 calls
        1 ms  GetInstalledSDKLocations                   1 calls
        1 ms  _PrepareForReferenceResolution             1 calls
        1 ms  MakeDirsForMidl                            1 calls
        1 ms  PlatformPrepareForBuild                    1 calls
        1 ms  ComputeCLCompileGeneratedSbrFiles          1 calls
        1 ms  AfterResourceCompile                       1 calls
        1 ms  PreLinkEvent                               1 calls
        1 ms  ComputeManifestInputsTargets               1 calls
        1 ms  GetReferenceAssemblyPaths                  1 calls
        1 ms  ComputeLinkImportLibraryOutputsForClean    1 calls
        1 ms  _GenerateSatelliteAssemblyInputs           1 calls
        1 ms  ComputeLegacyManifestEmbedding             1 calls
        1 ms  GetFrameworkPaths                          1 calls
        1 ms  MakeDirsForCl                              1 calls
        2 ms  MakeDirsForResourceCompile                 1 calls
        2 ms  RegisterOutput                             1 calls
        2 ms  CopyFilesToOutputDirectory                 1 calls
        2 ms  ComputeCLCompileGeneratedXDCFiles          1 calls
        2 ms  GetCopyToOutputDirectoryXamlAppDefs        1 calls
        2 ms  ComputeLinkSwitches                        1 calls
        2 ms  DoLinkOutputFilesMatch                     1 calls
        2 ms  ResolveProjectReferences                   1 calls
        2 ms  SplitResourcesByCulture                    1 calls
        2 ms  ComputeCLOutputs                           1 calls
        2 ms  AssignProjectConfiguration                 1 calls
        2 ms  MakeDirsForLink                            1 calls
        3 ms  AssignTargetPaths                          1 calls
        3 ms  GetCopyToOutputDirectoryItems              1 calls
        4 ms  SetBuildDefaultEnvironmentVariables        1 calls
        6 ms  FinalizeBuildStatus                        1 calls
        7 ms  InitializeBuildStatus                      1 calls
        7 ms  PrepareForBuild                            1 calls
        8 ms  _CheckForInvalidConfigurationAndPlatform   1 calls
       13 ms  WarnCompileDuplicatedFilename              1 calls
       14 ms  SetCABuildNativeEnvironmentVariables       1 calls
     1457 ms  Link                                       1 calls
     3253 ms  ClCompile                                  1 calls

Build succeeded.

Time Elapsed 00:00:04.83
